==3017== Memcheck, a memory error detector
==3017== Copyright (C) 2002-2017, and GNU GPL'd, by Julian Seward et al.
==3017== Using Valgrind-3.18.1 and LibVEX; rerun with -h for copyright info
==3017== Command: ./q4
==3017== 
==3017== 
==3017== HEAP SUMMARY:
==3017==     in use at exit: 4 bytes in 1 blocks
==3017==   total heap usage: 1 allocs, 0 frees, 4 bytes allocated
==3017== 
==3017== 4 bytes in 1 blocks are definitely lost in loss record 1 of 1
==3017==    at 0x4848899: malloc (in /usr/libexec/valgrind/vgpreload_memcheck-amd64-linux.so)
==3017==    by 0x10915E: main (q4.c:4)
==3017== 
==3017== LEAK SUMMARY:
==3017==    definitely lost: 4 bytes in 1 blocks
==3017==    indirectly lost: 0 bytes in 0 blocks
==3017==      possibly lost: 0 bytes in 0 blocks
==3017==    still reachable: 0 bytes in 0 blocks
==3017==         suppressed: 0 bytes in 0 blocks
==3017== 
==3017== For lists of detected and suppressed errors, rerun with: -s
==3017== ERROR SUMMARY: 1 errors from 1 contexts (suppressed: 0 from 0)
