==3494== Memcheck, a memory error detector
==3494== Copyright (C) 2002-2017, and GNU GPL'd, by Julian Seward et al.
==3494== Using Valgrind-3.18.1 and LibVEX; rerun with -h for copyright info
==3494== Command: ./q5
==3494== 
==3494== Invalid write of size 4
==3494==    at 0x10916D: main (q5.c:12)
==3494==  Address 0x4a951d0 is 0 bytes after a block of size 400 alloc'd
==3494==    at 0x4848899: malloc (in /usr/libexec/valgrind/vgpreload_memcheck-amd64-linux.so)
==3494==    by 0x10915E: main (q5.c:11)
==3494== 
==3494== 
==3494== HEAP SUMMARY:
==3494==     in use at exit: 400 bytes in 1 blocks
==3494==   total heap usage: 1 allocs, 0 frees, 400 bytes allocated
==3494== 
==3494== 400 bytes in 1 blocks are definitely lost in loss record 1 of 1
==3494==    at 0x4848899: malloc (in /usr/libexec/valgrind/vgpreload_memcheck-amd64-linux.so)
==3494==    by 0x10915E: main (q5.c:11)
==3494== 
==3494== LEAK SUMMARY:
==3494==    definitely lost: 400 bytes in 1 blocks
==3494==    indirectly lost: 0 bytes in 0 blocks
==3494==      possibly lost: 0 bytes in 0 blocks
==3494==    still reachable: 0 bytes in 0 blocks
==3494==         suppressed: 0 bytes in 0 blocks
==3494== 
==3494== For lists of detected and suppressed errors, rerun with: -s
==3494== ERROR SUMMARY: 2 errors from 2 contexts (suppressed: 0 from 0)
