==3675== Memcheck, a memory error detector
==3675== Copyright (C) 2002-2017, and GNU GPL'd, by Julian Seward et al.
==3675== Using Valgrind-3.18.1 and LibVEX; rerun with -h for copyright info
==3675== Command: ./q6
==3675== 
==3675== Invalid read of size 4
==3675==    at 0x1091B3: main (q6.c:16)
==3675==  Address 0x4a95040 is 0 bytes inside a block of size 400 free'd
==3675==    at 0x484B27F: free (in /usr/libexec/valgrind/vgpreload_memcheck-amd64-linux.so)
==3675==    by 0x1091AE: main (q6.c:15)
==3675==  Block was alloc'd at
==3675==    at 0x4848899: malloc (in /usr/libexec/valgrind/vgpreload_memcheck-amd64-linux.so)
==3675==    by 0x10919E: main (q6.c:14)
==3675== 
0
==3675== 
==3675== HEAP SUMMARY:
==3675==     in use at exit: 0 bytes in 0 blocks
==3675==   total heap usage: 2 allocs, 2 frees, 4,496 bytes allocated
==3675== 
==3675== All heap blocks were freed -- no leaks are possible
==3675== 
==3675== For lists of detected and suppressed errors, rerun with: -s
==3675== ERROR SUMMARY: 1 errors from 1 contexts (suppressed: 0 from 0)
